<?xml version="1.0" encoding="UTF-8"?>
<!-- Generated by org.testng.reporters.JUnitReportReporter -->
<testsuite hostname="chiranjeebs-MacBook-Air.local" failures="0" tests="1" name="com.sportchek.tests.NewTest" time="13.875" errors="0" timestamp="28 Dec 2021 04:28:39 GMT" skipped="0">
  <testcase classname="com.sportchek.tests.NewTest" name="testSearch" time="13.875"/>
</testsuite> <!-- com.sportchek.tests.NewTest -->
