<?xml version="1.0" encoding="UTF-8"?>
<!-- Generated by org.testng.reporters.JUnitReportReporter -->
<testsuite hostname="chiranjeebs-MacBook-Air.local" failures="0" tests="1" name="OrangeHRMTests" time="4.891" errors="0" timestamp="19 Dec 2021 09:44:31 GMT" skipped="0">
  <testcase classname="OrangeHRMTests" name="Test1" time="4.891"/>
</testsuite> <!-- OrangeHRMTests -->
