<?xml version="1.0" encoding="UTF-8"?>
<!-- Generated by org.testng.reporters.JUnitReportReporter -->
<testsuite hostname="chiranjeebs-MacBook-Air.local" failures="0" tests="1" name="com.orangehrm.tests.OrangeHRMLoginTest" time="12.578" errors="0" timestamp="29 Dec 2021 05:06:14 GMT" skipped="0">
  <testcase classname="com.orangehrm.tests.OrangeHRMLoginTest" name="loginTest" time="12.578"/>
</testsuite> <!-- com.orangehrm.tests.OrangeHRMLoginTest -->
