<?xml version="1.0" encoding="UTF-8"?>
<!-- Generated by org.testng.reporters.JUnitReportReporter -->
<testsuite hostname="chiranjeebs-MacBook-Air.local" failures="0" tests="3" name="DDTJson.DDTTestusingjson" time="7.109" errors="0" timestamp="30 Dec 2021 05:04:18 GMT" skipped="0">
  <testcase classname="DDTJson.DDTTestusingjson" name="login" time="2.047"/>
  <testcase classname="DDTJson.DDTTestusingjson" name="login" time="3.126"/>
  <testcase classname="DDTJson.DDTTestusingjson" name="login" time="1.936"/>
</testsuite> <!-- DDTJson.DDTTestusingjson -->
